100 454
94 0 0 41 59 0
69 41 0 54 27 0
66 0 59 61 67 0
52 95 0 54 45 0
37 41 126 20 60 0
2 61 27 34 53 0
47 0 126 33 65 0
93 149 0 65 35 0
27 95 45 65 25 0
65 61 80 56 57 0
56 41 186 17 63 0
83 95 137 22 16 0
22 61 137 34 49 0
3 0 191 37 67 0
39 214 0 55 52 0
33 149 70 35 22 0
80 160 92 58 16 0
92 95 153 16 26 0
86 117 108 56 37 0
48 58 186 27 57 0
11 41 249 39 59 0
50 117 145 67 32 0
38 95 179 57 23 0
30 95 202 26 24 0
54 0 258 18 61 0
29 269 0 24 62 0
19 184 108 31 50 0
81 218 52 40 50 0
55 160 177 34 56 0
78 111 226 36 32 0
20 173 233 19 37 0
88 85 226 24 37 0
51 80 263 57 38 0
89 41 308 27 38 0
10 152 233 18 52 0
18 95 301 48 51 0
57 18 258 18 47 0
12 0 319 28 61 0
21 293 0 50 64 0
32 215 108 43 53 0
17 258 64 44 66 0
75 218 161 28 19 0
68 194 180 63 52 0
76 147 285 33 22 0
96 192 233 66 40 0
31 68 308 26 34 0
61 41 346 33 23 0
1 143 307 37 65 0
6 36 369 40 18 0
41 0 380 27 55 0
71 343 0 22 64 0
36 258 130 39 67 0
79 215 273 41 60 0
14 302 64 63 43 0
58 258 197 34 46 0
60 180 273 23 40 0
25 258 243 39 54 0
67 94 352 44 40 0
97 180 313 17 67 0
90 143 380 39 33 0
72 76 392 61 61 0
49 27 387 47 65 0
64 297 130 47 50 0
28 258 297 39 46 0
63 365 0 36 45 0
34 203 333 54 27 0
13 197 360 48 57 0
91 182 417 56 33 0
35 143 413 31 38 0
9 344 107 16 41 0
82 297 180 47 57 0
70 297 237 42 42 0
0 258 343 33 43 0
15 401 0 52 59 0
43 365 59 61 46 0
4 238 417 19 29 0
8 360 107 62 50 0
73 344 157 61 67 0
42 344 224 53 62 0
44 297 279 47 65 0
23 291 344 49 20 0
16 258 386 36 57 0
24 426 59 28 45 0
95 422 105 19 51 0
99 405 157 49 66 0
59 344 286 50 37 0
77 397 224 57 66 0
53 344 323 43 21 0
87 297 364 44 39 0
40 394 290 26 29 0
84 344 344 67 22 0
5 341 366 49 39 0
46 297 403 39 22 0
45 420 290 23 44 0
26 411 334 40 55 0
7 344 405 40 22 0
62 390 366 19 60 0
98 341 427 62 22 0
85 297 425 25 20 0
74 409 389 42 38 0
