100 444
55 0 0 34 56 0
80 34 0 58 16 0
27 0 56 25 65 0
68 92 0 63 52 0
64 34 16 50 47 0
96 25 63 66 40 0
71 0 121 22 64 0
72 155 0 61 61 0
42 92 52 62 53 0
94 84 105 59 41 0
9 34 103 41 16 0
81 25 119 50 40 0
8 22 159 50 62 0
29 0 221 24 62 0
17 216 0 66 44 0
37 155 61 60 20 0
60 154 81 23 40 0
59 92 146 50 37 0
40 143 121 26 29 0
49 75 183 65 47 0
75 34 221 28 19 0
23 75 230 49 20 0
43 25 240 46 61 0
19 72 250 31 50 0
89 22 301 38 27 0
33 24 328 35 22 0
2 0 350 34 53 0
5 282 0 39 49 0
1 216 44 65 37 0
16 177 81 36 57 0
41 142 150 27 55 0
87 169 138 44 39 0
30 140 205 26 24 0
83 62 301 16 22 0
92 34 350 26 16 0
54 124 230 18 61 0
53 103 250 21 43 0
90 321 0 33 39 0
25 282 49 39 54 0
45 281 103 23 44 0
21 213 81 64 50 0
14 169 177 43 63 0
69 142 229 27 54 0
73 213 131 61 67 0
70 169 240 42 42 0
35 78 300 38 31 0
31 60 331 26 34 0
74 34 366 38 42 0
79 142 283 60 41 0
32 354 0 53 43 0
12 321 39 28 61 0
63 304 103 36 45 0
57 281 148 47 18 0
62 277 166 60 19 0
82 212 198 57 47 0
91 169 324 33 56 0
48 142 324 27 57 0
98 274 185 62 22 0
65 211 245 56 57 0
46 116 293 22 39 0
76 86 331 22 33 0
88 72 365 24 37 0
93 34 408 65 35 0
58 407 0 34 46 0
50 354 46 67 32 0
66 349 78 67 61 0
47 340 139 65 33 0
52 337 172 54 45 0
51 277 207 57 38 0
56 269 245 63 17 0
77 202 302 66 57 0
84 169 380 67 22 0
36 169 402 67 39 0
11 336 217 39 59 0
10 274 262 52 18 0
78 108 332 32 36 0
26 99 368 40 55 0
6 354 276 18 40 0
34 416 78 27 54 0
28 405 139 39 46 0
0 391 185 33 43 0
7 332 276 22 40 0
86 269 280 56 37 0
15 268 317 52 59 0
95 236 376 51 19 0
18 236 395 51 48 0
99 375 228 49 66 0
24 140 381 28 45 0
97 99 426 67 17 0
22 372 294 34 49 0
20 424 185 19 37 0
39 320 317 52 55 0
4 287 376 19 29 0
85 424 222 20 25 0
3 406 294 37 67 0
61 372 343 23 33 0
67 306 376 40 44 0
38 287 420 57 23 0
13 395 361 48 57 0
44 346 376 47 65 0
