200 449
59 0 0 46 46 0
88 46 0 43 28 0
93 0 46 21 43 0
78 89 0 43 26 0
46 46 28 48 15 0
149 21 46 22 22 0
185 0 89 13 44 0
179 132 0 41 45 0
191 89 43 42 37 0
99 94 80 37 20 0
41 46 43 16 16 0
62 43 59 45 37 0
43 21 96 40 34 0
53 13 130 18 17 0
182 0 133 12 33 0
154 173 0 44 42 0
26 132 45 43 25 0
176 131 70 20 16 0
85 89 100 37 48 0
130 131 86 44 45 0
0 94 148 36 16 0
52 62 96 27 37 0
76 46 130 12 14 0
8 88 164 32 15 0
27 43 144 15 34 0
51 61 133 27 48 0
109 21 147 22 12 0
162 31 159 12 30 0
39 13 189 30 42 0
66 12 231 31 31 0
34 0 262 19 38 0
64 217 0 47 48 0
171 175 42 34 35 0
153 151 131 12 40 0
33 131 131 18 36 0
138 175 77 30 22 0
150 130 171 30 13 0
169 94 184 46 28 0
95 89 212 25 36 0
136 62 181 24 19 0
195 120 212 25 36 0
73 88 248 38 18 0
198 43 200 40 22 0
79 21 262 19 37 0
84 43 222 43 37 0
105 43 259 42 31 0
126 13 300 28 38 0
67 43 290 44 37 0
49 0 338 40 31 0
199 264 0 40 34 0
173 217 48 42 22 0
134 209 70 29 16 0
122 175 99 30 43 0
2 163 142 35 41 0
129 151 184 46 44 0
167 149 228 47 14 0
87 205 86 45 19 0
94 175 242 16 15 0
11 160 242 14 36 0
16 130 248 22 18 0
174 140 266 20 25 0
120 94 266 45 15 0
57 114 281 19 48 0
104 89 281 25 36 0
156 83 329 42 19 0
114 43 327 39 19 0
92 13 369 24 42 0
194 304 0 42 43 0
45 264 34 37 14 0
69 259 48 38 19 0
58 217 105 19 41 0
147 238 105 12 31 0
140 205 105 12 16 0
142 198 146 46 27 0
163 250 70 47 46 0
165 205 173 33 41 0
86 191 242 24 24 0
65 174 266 33 30 0
155 160 278 13 12 0
30 140 291 27 17 0
183 94 348 37 16 0
119 133 308 24 36 0
63 83 364 35 15 0
29 82 379 37 12 0
106 43 346 34 39 0
54 37 385 43 16 0
100 13 411 25 27 0
118 346 0 39 35 0
186 304 43 48 13 0
101 301 56 48 40 0
61 264 116 33 34 0
110 297 96 44 23 0
152 259 150 33 33 0
172 250 183 31 25 0
178 217 214 20 16 0
42 297 119 44 19 0
97 238 208 25 28 0
22 215 236 39 26 0
47 207 266 23 14 0
166 173 296 36 12 0
35 167 308 33 15 0
192 140 344 22 28 0
115 83 391 30 37 0
189 119 364 20 31 0
44 77 428 27 16 0
28 38 401 38 46 0
112 385 0 18 46 0
131 352 46 36 20 0
197 349 66 35 47 0
108 297 138 33 12 0
19 264 208 12 30 0
23 341 113 40 25 0
1 297 150 39 19 0
17 292 169 26 33 0
80 259 238 14 15 0
25 281 202 36 36 0
56 254 253 22 25 0
20 209 280 28 33 0
13 162 323 48 45 0
113 140 372 43 28 0
117 113 395 24 37 0
91 139 400 44 28 0
196 104 432 39 16 0
9 403 0 46 34 0
7 388 46 21 28 0
148 384 74 25 17 0
71 341 138 42 34 0
3 336 172 47 18 0
145 318 190 45 34 0
18 317 224 34 19 0
123 281 238 35 13 0
107 237 278 45 16 0
102 210 313 25 38 0
128 183 368 25 36 0
181 183 404 15 42 0
31 143 428 37 16 0
144 409 34 29 25 0
175 409 59 12 34 0
137 384 91 18 22 0
158 383 113 17 28 0
160 363 190 12 36 0
15 318 243 45 46 0
12 282 251 36 42 0
116 237 294 42 37 0
190 235 331 37 34 0
177 210 351 21 31 0
77 208 382 24 16 0
60 198 404 30 35 0
151 421 59 16 27 0
70 402 93 14 36 0
75 384 141 27 23 0
133 400 164 14 12 0
139 383 176 31 33 0
146 375 209 34 33 0
135 363 242 37 15 0
83 318 289 37 19 0
21 279 294 39 44 0
164 237 365 27 32 0
187 272 338 22 24 0
168 232 397 37 25 0
89 437 59 12 35 0
98 421 94 26 16 0
103 416 110 32 32 0
50 414 142 33 42 0
81 414 184 32 20 0
37 409 209 16 21 0
38 363 257 26 33 0
40 355 290 28 41 0
32 318 308 32 23 0
159 294 338 36 24 0
170 272 362 45 22 0
48 269 384 26 24 0
188 232 422 40 24 0
90 425 204 24 45 0
6 409 230 13 29 0
4 389 259 26 32 0
82 383 291 32 33 0
68 355 331 35 24 0
124 330 331 13 39 0
132 317 370 16 38 0
141 272 408 25 34 0
24 422 249 25 15 0
72 415 264 34 33 0
5 415 297 31 35 0
10 390 332 32 45 0
74 355 355 29 18 0
157 343 331 12 42 0
193 333 373 43 42 0
36 317 408 12 28 0
180 297 384 19 21 0
96 422 332 25 45 0
184 376 377 20 19 0
14 329 415 15 25 0
161 297 405 19 31 0
125 396 377 28 18 0
111 376 396 13 18 0
121 344 415 45 32 0
127 424 377 22 24 0
143 389 401 44 46 0
55 433 401 13 46 0
