200 439
21 0 0 39 44 0
110 39 0 44 23 0
34 0 44 19 38 0
106 83 0 39 34 0
143 39 23 44 46 0
156 19 44 19 42 0
120 0 82 15 45 0
118 122 0 39 35 0
147 83 34 31 12 0
139 83 46 31 33 0
113 39 69 43 28 0
180 38 97 21 19 0
136 19 86 19 24 0
187 15 110 22 24 0
67 0 134 37 44 0
145 161 0 45 34 0
103 122 35 32 32 0
38 83 79 26 33 0
78 114 67 43 26 0
56 82 112 25 22 0
184 39 116 20 19 0
99 59 97 20 37 0
50 38 135 42 33 0
54 37 168 43 16 0
42 15 178 19 44 0
74 37 184 29 18 0
57 0 222 19 48 0
121 206 0 45 32 0
51 161 34 48 27 0
182 122 93 33 12 0
96 109 105 45 25 0
90 83 134 24 45 0
85 157 61 48 37 0
88 107 130 43 28 0
48 82 179 24 26 0
3 59 205 47 18 0
100 79 223 27 25 0
76 59 223 14 12 0
102 34 202 25 38 0
153 15 270 12 40 0
46 0 270 15 48 0
28 251 0 46 38 0
190 209 32 37 34 0
58 161 98 41 19 0
9 155 117 34 46 0
71 107 158 42 34 0
169 205 66 28 46 0
124 150 163 39 13 0
186 107 192 48 13 0
171 106 205 35 34 0
87 59 235 19 45 0
26 106 239 43 25 0
159 79 248 24 36 0
13 59 284 45 48 0
97 34 240 25 28 0
91 27 268 28 44 0
19 15 310 12 30 0
167 0 318 14 47 0
20 297 0 28 33 0
5 251 38 35 31 0
144 246 69 29 25 0
53 161 176 17 18 0
168 189 117 37 25 0
192 155 194 22 28 0
158 149 222 17 28 0
194 107 264 42 43 0
157 233 66 12 42 0
84 189 142 37 43 0
27 78 332 15 34 0
114 59 332 19 39 0
92 104 307 42 24 0
164 27 312 32 27 0
122 15 340 43 30 0
172 14 370 31 25 0
40 0 395 41 28 0
154 325 0 42 44 0
199 286 38 34 40 0
178 251 94 20 16 0
69 246 110 38 19 0
183 178 185 37 16 0
161 226 112 19 31 0
37 189 201 21 16 0
45 177 217 37 14 0
43 166 231 40 34 0
101 149 265 40 48 0
135 245 129 37 15 0
1 226 143 19 39 0
174 189 265 20 25 0
152 93 332 33 33 0
32 78 366 32 23 0
64 78 389 48 47 0
193 146 313 43 42 0
61 45 371 33 34 0
65 41 405 33 30 0
49 367 0 31 40 0
22 325 44 39 26 0
150 320 70 30 13 0
108 286 78 33 12 0
175 284 90 34 12 0
29 246 144 12 37 0
93 215 185 43 21 0
0 189 290 16 36 0
188 214 206 40 24 0
83 189 326 19 37 0
155 149 355 13 12 0
163 209 231 47 46 0
63 126 331 15 35 0
52 126 367 37 27 0
176 189 363 20 16 0
104 398 0 36 25 0
16 367 40 18 22 0
162 364 62 12 30 0
70 319 83 36 14 0
107 318 97 45 16 0
165 284 102 33 41 0
79 258 144 37 19 0
130 258 163 44 45 0
160 215 277 36 12 0
142 256 208 46 27 0
198 209 289 22 40 0
141 163 355 25 34 0
189 126 394 20 31 0
151 385 40 16 27 0
14 376 67 25 15 0
134 355 113 16 29 0
191 318 113 37 42 0
196 302 143 16 39 0
181 302 182 15 42 0
117 256 235 24 37 0
2 231 289 35 41 0
149 209 329 22 22 0
47 188 379 14 23 0
66 146 394 31 31 0
166 126 425 36 12 0
131 401 25 36 20 0
81 401 45 20 32 0
126 376 82 28 38 0
133 371 120 14 12 0
125 355 142 28 18 0
4 318 155 26 32 0
23 317 187 25 40 0
44 302 227 27 16 0
15 280 243 46 45 0
72 266 288 34 33 0
12 231 330 36 42 0
109 209 351 12 22 0
116 202 379 42 37 0
195 177 402 25 36 0
31 421 45 16 37 0
82 404 82 33 32 0
6 385 120 29 13 0
80 383 133 15 14 0
105 344 160 31 42 0
24 329 227 15 25 0
138 302 288 30 22 0
41 267 321 16 16 0
95 244 372 25 36 0
73 202 416 38 18 0
86 414 114 24 24 0
35 398 133 15 33 0
140 383 147 12 16 0
18 375 163 19 34 0
10 344 202 45 32 0
119 344 234 36 24 0
197 332 258 35 47 0
8 302 310 32 15 0
132 283 325 38 16 0
129 269 341 46 44 0
111 244 408 13 18 0
75 414 138 23 27 0
148 413 165 25 17 0
33 394 166 18 36 0
173 389 202 22 42 0
177 344 305 21 31 0
30 380 244 27 17 0
170 367 261 22 45 0
179 315 341 45 41 0
62 269 385 45 37 0
36 257 408 12 28 0
17 412 182 26 33 0
55 411 215 13 46 0
89 389 261 35 12 0
68 365 306 24 35 0
77 344 382 16 24 0
112 389 273 18 46 0
137 367 341 22 18 0
127 360 359 24 22 0
7 315 382 28 21 0
60 314 403 30 35 0
11 269 422 36 14 0
94 424 215 15 16 0
185 424 231 13 44 0
39 407 275 30 42 0
25 389 319 36 36 0
98 367 381 26 16 0
115 344 406 37 30 0
123 425 317 13 35 0
59 393 355 46 46 0
128 381 401 25 36 0
146 406 401 33 34 0
