300 560
66 0 0 42 45 0
141 42 0 45 19 0
42 0 45 25 46 0
149 87 0 47 22 0
147 42 19 42 30 0
258 25 49 44 34 0
104 0 91 14 42 0
198 134 0 48 19 0
63 87 22 46 36 0
30 42 83 20 28 0
18 69 58 43 44 0
156 25 83 16 28 0
179 14 111 46 34 0
111 0 145 21 13 0
151 182 0 42 18 0
131 134 19 48 45 0
235 87 102 22 46 0
290 62 102 16 27 0
161 112 64 46 47 0
155 69 129 14 25 0
172 41 145 27 13 0
226 60 158 39 16 0
110 14 158 42 39 0
153 21 197 41 30 0
257 0 197 17 33 0
209 182 18 45 36 0
229 134 111 24 48 0
292 109 111 24 39 0
228 78 174 20 21 0
237 158 64 21 40 0
29 68 195 30 29 0
270 41 227 15 23 0
298 99 159 40 33 0
125 56 227 42 46 0
39 14 230 13 12 0
160 21 250 27 16 0
187 17 266 38 36 0
107 0 242 15 32 0
4 227 0 45 40 0
23 182 54 40 17 0
88 98 192 29 44 0
200 179 71 43 37 0
52 158 108 37 18 0
25 56 273 43 29 0
60 41 302 39 16 0
70 139 159 16 45 0
3 99 236 21 45 0
98 56 318 35 13 0
260 27 302 12 19 0
212 14 321 42 21 0
254 48 342 24 13 0
214 21 342 27 17 0
225 15 359 38 47 0
140 0 274 12 43 0
139 272 0 36 37 0
288 227 40 36 28 0
274 222 68 33 21 0
71 182 126 32 34 0
259 222 89 26 12 0
205 195 160 15 21 0
171 158 126 22 40 0
261 41 406 12 45 0
167 155 166 36 37 0
44 139 204 27 24 0
87 120 236 45 48 0
289 99 284 33 37 0
210 91 321 24 13 0
162 56 355 31 18 0
236 14 406 27 39 0
97 72 373 15 40 0
122 21 445 20 43 0
180 53 373 19 40 0
32 12 488 22 19 0
199 0 507 31 36 0
14 308 0 44 21 0
281 272 37 30 18 0
174 255 68 16 43 0
291 222 101 28 43 0
166 214 144 36 34 0
285 182 203 13 33 0
196 195 181 41 41 0
121 53 413 34 38 0
37 166 203 12 29 0
127 165 236 25 43 0
277 132 284 12 47 0
145 87 334 45 13 0
201 41 451 26 29 0
233 14 543 13 16 0
100 87 347 45 44 0
112 41 480 25 30 0
144 72 451 15 40 0
56 34 510 31 46 0
249 352 0 35 27 0
21 308 21 44 28 0
159 302 49 44 32 0
208 272 55 27 20 0
69 271 75 27 36 0
295 255 111 43 13 0
73 250 124 46 12 0
120 250 136 36 36 0
177 195 222 41 37 0
287 236 178 21 42 0
168 195 259 41 24 0
53 87 391 36 12 0
294 178 279 17 26 0
74 144 284 34 43 0
134 132 331 34 47 0
27 87 403 40 38 0
165 66 491 21 17 0
118 87 441 38 44 0
262 387 0 48 27 0
99 352 27 40 17 0
84 352 44 34 38 0
190 308 81 37 27 0
194 346 82 28 13 0
61 299 108 45 31 0
137 272 172 21 28 0
227 298 139 32 13 0
35 271 200 12 26 0
176 296 152 38 33 0
142 250 226 37 27 0
278 236 220 13 42 0
276 195 283 31 14 0
272 257 253 24 35 0
81 236 262 15 32 0
223 195 297 19 22 0
22 195 319 29 35 0
213 178 305 14 32 0
68 166 337 28 45 0
85 132 378 34 43 0
203 127 421 15 28 0
234 87 485 18 33 0
64 87 518 15 33 0
117 66 508 21 39 0
211 125 449 12 16 0
207 435 0 33 28 0
9 387 44 44 25 0
206 392 69 35 42 0
75 352 95 37 20 0
183 386 115 33 39 0
220 345 115 37 30 0
224 374 154 45 21 0
239 346 145 22 40 0
143 344 185 25 24 0
45 293 185 25 24 0
170 334 209 29 45 0
50 296 209 19 14 0
76 287 223 39 36 0
43 226 294 21 39 0
115 281 259 34 22 0
204 251 288 33 41 0
12 224 333 17 19 0
248 195 354 43 31 0
119 166 385 45 28 0
48 166 413 34 28 0
219 142 421 18 28 0
28 127 465 12 24 0
242 105 485 22 40 0
273 102 525 21 30 0
93 468 0 20 24 0
15 435 28 34 15 0
108 431 43 38 37 0
182 427 80 24 45 0
296 392 175 27 16 0
13 419 125 48 33 0
57 419 158 47 48 0
123 369 175 23 36 0
178 318 259 19 17 0
132 363 211 18 39 0
186 326 276 31 33 0
113 287 281 36 24 0
130 315 309 26 30 0
128 284 305 28 44 0
297 241 333 38 31 0
221 238 364 45 13 0
7 211 385 29 35 0
243 200 420 37 34 0
49 160 441 24 48 0
135 139 449 15 45 0
34 127 489 12 29 0
46 123 525 19 13 0
83 488 0 41 37 0
279 469 37 43 39 0
255 469 76 39 47 0
175 451 206 15 16 0
154 419 206 22 17 0
126 392 191 22 12 0
188 467 123 40 37 0
55 419 223 31 26 0
195 466 160 33 13 0
77 392 203 18 40 0
163 381 243 33 22 0
146 357 265 48 33 0
26 323 339 18 27 0
230 287 349 33 30 0
267 341 309 34 39 0
72 315 379 15 32 0
241 312 411 13 24 0
95 240 377 37 44 0
31 184 454 32 36 0
150 160 489 23 31 0
80 142 494 15 36 0
116 123 538 28 19 0
264 529 0 23 45 0
51 488 173 14 16 0
103 512 45 34 34 0
169 508 79 24 39 0
217 469 189 20 48 0
246 466 237 23 44 0
20 451 222 13 17 0
181 414 249 28 30 0
136 507 123 12 37 0
59 419 279 38 47 0
286 381 298 36 41 0
24 341 348 24 18 0
17 375 339 37 41 0
266 330 366 45 48 0
109 325 414 46 42 0
202 277 379 34 39 0
269 240 421 18 37 0
280 216 454 22 31 0
129 184 490 34 22 0
222 157 520 25 34 0
193 502 160 17 33 0
256 546 45 13 21 0
173 532 79 25 32 0
252 489 193 19 28 0
40 469 281 19 47 0
41 489 221 19 36 0
102 519 118 36 40 0
16 417 326 45 42 0
89 381 380 42 20 0
86 375 400 39 44 0
232 371 444 23 42 0
96 258 421 46 33 0
133 238 458 43 15 0
94 218 485 19 31 0
197 184 516 37 28 0
124 519 158 35 31 0
184 508 193 25 46 0
191 489 257 16 34 0
58 488 291 25 25 0
271 462 328 24 42 0
54 423 368 34 30 0
114 414 400 34 44 0
47 394 444 42 40 0
253 304 435 15 13 0
283 281 454 15 13 0
33 238 473 45 46 0
240 237 519 23 19 0
78 221 516 16 42 0
11 533 189 24 41 0
92 513 239 45 47 0
90 488 316 24 46 0
185 457 370 34 27 0
263 448 398 46 47 0
218 436 445 43 15 0
8 296 456 36 21 0
282 283 477 30 44 0
106 260 519 12 33 0
38 237 538 21 19 0
250 513 286 31 34 0
1 512 320 27 16 0
67 494 362 14 33 0
65 448 460 23 13 0
265 479 445 15 45 0
138 436 473 28 42 0
268 332 456 22 25 0
105 313 481 35 33 0
82 272 521 39 24 0
10 544 286 15 31 0
245 513 336 24 36 0
91 539 320 21 43 0
5 512 372 26 16 0
79 508 388 25 40 0
247 494 428 39 36 0
231 494 464 30 16 0
216 464 490 42 19 0
157 436 515 20 25 0
0 354 456 15 27 0
19 348 486 36 23 0
101 311 521 36 30 0
299 272 545 13 13 0
2 538 363 22 26 0
6 533 389 27 38 0
244 508 480 13 37 0
238 533 427 27 39 0
62 524 466 36 46 0
189 494 517 44 12 0
251 456 515 34 43 0
36 369 509 30 27 0
284 348 509 21 30 0
148 347 539 18 20 0
158 285 545 23 13 0
215 538 512 21 29 0
192 490 529 48 29 0
164 399 484 36 41 0
293 369 536 43 19 0
152 435 540 16 19 0
275 412 525 22 28 0
