300 548
247 0 0 39 36 0
217 39 0 48 20 0
89 0 36 20 42 0
118 87 0 44 38 0
266 39 20 48 45 0
141 20 36 19 45 0
277 0 78 12 47 0
265 131 0 45 15 0
35 87 38 26 12 0
24 87 50 24 18 0
225 39 65 47 38 0
116 20 81 19 28 0
249 12 109 27 35 0
60 0 144 16 39 0
139 176 0 36 37 0
286 131 15 41 36 0
216 113 51 42 19 0
190 87 70 37 27 0
46 111 97 19 13 0
192 39 103 48 29 0
68 39 132 45 28 0
235 20 160 46 22 0
98 39 182 35 13 0
239 12 183 22 40 0
283 16 223 13 15 0
70 0 223 16 45 0
187 212 0 38 36 0
182 176 37 45 24 0
131 172 61 48 45 0
196 131 70 41 41 0
213 155 111 14 32 0
82 113 111 24 39 0
285 124 150 13 33 0
90 87 97 24 46 0
193 87 150 33 17 0
124 84 167 35 31 0
9 39 195 25 44 0
128 66 198 44 28 0
74 20 239 43 34 0
39 34 273 13 12 0
150 29 285 31 23 0
158 16 273 13 23 0
40 0 296 19 47 0
96 250 0 46 33 0
263 221 36 47 46 0
159 176 106 44 32 0
134 220 82 47 34 0
197 155 143 37 28 0
270 137 111 15 23 0
23 137 134 17 40 0
211 124 183 16 12 0
27 111 198 38 40 0
111 120 238 21 13 0
282 64 226 44 30 0
80 110 251 36 15 0
88 63 256 44 29 0
6 20 308 38 27 0
97 60 285 40 15 0
77 19 335 40 18 0
295 0 343 13 43 0
109 296 0 42 46 0
59 268 46 47 38 0
127 220 116 43 25 0
174 220 141 43 16 0
73 192 157 46 12 0
87 155 171 45 48 0
110 152 219 42 39 0
32 124 266 22 19 0
57 146 258 48 47 0
50 110 266 14 19 0
199 107 285 36 31 0
259 63 300 26 12 0
62 100 316 46 36 0
143 60 312 25 24 0
185 59 336 27 34 0
297 13 353 38 31 0
224 0 386 21 45 0
99 338 0 17 40 0
188 315 46 40 37 0
166 268 84 36 34 0
245 263 118 36 24 0
19 220 169 36 23 0
76 263 142 36 39 0
55 220 192 31 26 0
189 238 218 12 44 0
104 200 169 14 42 0
4 194 219 40 45 0
17 152 305 41 37 0
135 146 342 45 15 0
198 124 357 48 19 0
200 194 264 43 37 0
222 124 376 34 25 0
195 86 312 13 33 0
288 21 384 36 28 0
34 0 431 12 29 0
291 355 0 43 28 0
86 355 28 44 39 0
251 304 84 43 34 0
84 299 118 34 38 0
120 256 181 36 36 0
10 299 156 31 15 0
284 263 217 21 30 0
58 251 247 25 25 0
298 238 272 33 40 0
232 234 312 42 23 0
183 194 301 39 33 0
25 193 335 43 29 0
240 191 364 19 23 0
260 146 401 12 19 0
252 172 357 19 28 0
91 124 401 21 43 0
210 237 335 13 24 0
37 194 387 12 29 0
113 158 387 36 24 0
230 57 370 30 33 0
172 21 412 27 13 0
209 12 431 45 36 0
66 0 467 45 42 0
33 399 0 45 46 0
226 355 67 39 16 0
92 347 83 47 45 0
11 333 128 41 24 0
250 299 171 31 34 0
177 330 156 41 37 0
103 299 205 34 34 0
65 284 217 13 23 0
264 276 247 23 45 0
115 251 335 22 34 0
145 276 292 13 45 0
138 233 369 42 28 0
257 236 397 17 33 0
299 193 416 13 13 0
274 210 364 21 33 0
13 158 411 33 48 0
254 145 420 13 24 0
146 124 444 33 48 0
153 206 397 30 41 0
133 87 352 15 43 0
94 57 403 31 19 0
137 57 422 21 28 0
261 45 467 12 45 0
164 0 509 41 36 0
71 444 0 32 34 0
287 399 46 42 21 0
268 394 67 22 25 0
169 394 92 24 39 0
114 374 131 44 34 0
63 333 193 36 46 0
202 330 239 34 39 0
147 299 239 30 42 0
75 371 165 20 37 0
233 333 278 13 16 0
163 299 281 33 22 0
5 297 303 26 16 0
176 289 319 33 38 0
144 276 357 40 15 0
142 275 372 37 27 0
31 253 399 36 32 0
231 236 431 30 16 0
69 206 438 27 36 0
140 193 429 12 43 0
221 191 474 45 13 0
148 157 459 18 20 0
112 236 447 30 25 0
3 102 352 21 45 0
167 88 397 36 37 0
269 78 434 37 18 0
220 57 452 37 30 0
129 57 482 34 22 0
205 41 512 15 21 0
85 476 0 43 34 0
160 444 34 27 16 0
0 441 50 27 15 0
122 418 67 43 20 0
272 394 165 24 35 0
212 418 87 42 21 0
100 374 202 44 45 0
227 369 247 32 13 0
20 364 260 13 17 0
276 346 278 31 14 0
41 333 294 36 19 0
78 332 313 42 16 0
102 322 329 36 40 0
30 316 369 20 28 0
123 289 399 36 23 0
262 266 431 27 48 0
101 236 472 30 36 0
1 175 459 16 27 0
175 157 479 15 16 0
214 266 479 27 17 0
12 236 508 17 19 0
106 123 492 33 12 0
228 102 452 21 20 0
173 94 472 25 32 0
64 57 504 33 15 0
184 56 519 46 25 0
79 519 0 25 40 0
229 471 34 48 24 0
83 468 58 41 37 0
49 461 95 48 24 0
108 418 108 38 37 0
151 418 145 42 18 0
218 460 119 43 15 0
45 418 163 25 24 0
219 418 187 28 18 0
273 377 260 30 21 0
281 377 281 30 18 0
54 374 299 30 34 0
293 358 333 43 19 0
256 336 369 13 21 0
242 325 397 22 40 0
246 293 422 23 44 0
28 266 496 24 12 0
18 191 487 44 43 0
149 293 466 22 47 0
238 253 508 27 39 0
178 236 527 17 19 0
289 156 495 33 37 0
237 102 504 40 21 0
275 102 525 28 22 0
48 519 40 28 34 0
255 509 74 39 47 0
280 509 121 31 22 0
244 418 205 37 13 0
47 460 134 42 40 0
296 503 143 27 16 0
171 460 174 40 22 0
7 418 218 35 29 0
42 407 247 46 25 0
179 407 272 46 34 0
93 377 352 24 20 0
56 404 306 31 46 0
206 401 352 35 42 0
165 358 352 17 21 0
208 349 373 20 27 0
186 316 437 33 31 0
170 315 468 29 45 0
162 280 513 18 31 0
278 189 530 42 13 0
203 156 532 28 15 0
67 142 504 14 33 0
43 455 196 39 21 0
236 502 159 27 39 0
72 530 143 15 32 0
290 500 198 27 16 0
168 453 218 41 24 0
117 453 242 39 21 0
52 453 263 18 37 0
243 436 306 34 37 0
14 401 394 21 44 0
201 369 373 26 29 0
207 349 402 33 28 0
126 298 513 12 22 0
29 494 214 29 30 0
81 529 175 15 32 0
294 494 244 26 17 0
279 471 263 43 39 0
95 470 302 44 37 0
61 436 343 31 45 0
16 422 394 45 42 0
130 401 438 30 26 0
51 382 402 14 16 0
105 349 430 35 33 0
267 310 513 39 34 0
292 523 214 24 39 0
21 520 253 28 44 0
253 514 297 13 15 0
136 471 339 37 12 0
125 470 351 42 46 0
121 467 397 34 38 0
15 467 435 34 15 0
38 431 436 21 19 0
161 401 464 47 46 0
154 384 418 17 22 0
152 349 463 19 16 0
132 527 297 18 39 0
44 514 336 24 27 0
157 512 363 20 25 0
194 501 397 28 13 0
156 501 410 28 16 0
119 467 450 28 45 0
241 452 436 13 24 0
26 448 460 18 27 0
181 368 463 30 28 0
234 349 479 18 33 0
191 532 363 16 34 0
180 529 397 19 40 0
155 501 426 14 25 0
215 495 451 21 29 0
223 466 495 22 19 0
8 398 510 21 36 0
36 367 491 27 30 0
271 349 521 42 24 0
248 516 437 31 43 0
22 495 480 35 29 0
53 488 509 12 36 0
2 466 514 22 26 0
204 419 510 41 33 0
107 530 480 15 32 0
258 500 512 44 34 0
