300 548
100 0 0 44 45 0
282 44 0 44 30 0
133 0 45 43 15 0
75 88 0 37 20 0
138 44 30 42 28 0
91 43 58 43 21 0
93 0 60 20 24 0
237 125 0 40 21 0
128 88 21 44 28 0
242 44 79 40 22 0
247 86 49 36 39 0
88 43 101 29 44 0
49 20 145 48 24 0
20 0 84 13 17 0
70 165 0 45 16 0
92 125 49 45 47 0
98 132 96 35 13 0
208 84 88 20 27 0
148 44 169 20 18 0
61 122 109 45 31 0
290 86 115 27 16 0
115 72 131 34 22 0
136 68 153 37 12 0
108 20 187 38 37 0
254 13 224 13 24 0
194 0 101 13 28 0
134 210 0 47 34 0
146 170 34 48 33 0
151 125 140 42 18 0
184 167 96 46 25 0
81 132 158 32 15 0
277 104 173 47 12 0
199 84 185 36 31 0
67 64 169 14 33 0
293 44 224 19 43 0
174 167 121 43 16 0
210 122 185 24 13 0
186 72 216 31 33 0
203 105 216 15 28 0
227 68 249 13 32 0
173 58 281 25 32 0
185 26 267 27 34 0
297 13 301 31 38 0
12 13 339 17 19 0
264 0 358 23 45 0
102 257 0 40 36 0
80 218 34 36 15 0
169 167 137 39 24 0
273 125 198 30 21 0
220 213 67 30 37 0
73 167 161 46 12 0
155 164 173 25 14 0
211 78 313 16 12 0
99 63 325 40 17 0
221 44 342 45 13 0
154 103 244 17 22 0
76 120 219 36 39 0
50 105 266 14 19 0
126 81 355 12 22 0
229 68 377 24 48 0
32 53 425 22 19 0
235 26 358 22 46 0
216 30 404 19 42 0
127 13 446 25 43 0
206 297 0 42 35 0
27 257 36 40 38 0
204 254 74 41 33 0
270 218 104 23 15 0
256 243 107 13 21 0
267 213 128 34 39 0
281 167 187 30 18 0
212 164 205 42 21 0
233 103 285 16 13 0
43 44 446 39 21 0
5 120 258 26 16 0
34 103 298 12 29 0
68 156 226 45 28 0
217 119 274 48 20 0
271 105 327 42 24 0
224 93 351 21 45 0
160 92 396 16 27 0
110 49 467 39 42 0
274 38 509 21 33 0
10 13 489 15 31 0
101 339 0 36 30 0
166 297 35 34 36 0
59 297 71 38 47 0
189 295 118 44 12 0
198 254 130 48 19 0
46 256 149 13 19 0
245 243 168 24 36 0
241 247 204 13 24 0
202 213 204 34 39 0
219 167 254 28 18 0
289 206 243 37 33 0
153 115 351 41 30 0
161 156 294 46 47 0
191 167 341 34 16 0
188 119 381 37 40 0
183 114 421 39 33 0
163 93 454 22 33 0
172 59 509 27 13 0
150 38 542 23 31 0
25 28 573 43 29 0
84 13 602 34 38 0
119 375 0 45 28 0
66 339 30 45 42 0
298 339 72 40 33 0
41 295 149 36 19 0
94 302 168 31 19 0
90 269 187 46 24 0
250 267 211 34 31 0
283 243 243 15 13 0
228 260 242 21 20 0
263 247 262 47 46 0
177 167 357 37 41 0
58 243 308 25 25 0
74 156 398 43 34 0
107 115 454 15 32 0
141 202 398 45 19 0
226 156 432 39 16 0
292 201 417 39 24 0
257 167 448 33 17 0
291 156 465 43 28 0
187 119 486 36 38 0
181 86 509 30 28 0
109 71 537 46 42 0
95 47 602 37 44 0
179 13 640 34 46 0
147 420 0 42 30 0
192 379 72 48 29 0
82 339 105 24 39 0
190 333 144 27 37 0
78 302 211 42 16 0
132 315 227 18 39 0
157 294 242 20 25 0
144 247 333 15 40 0
248 204 441 43 31 0
296 268 308 27 16 0
234 199 472 33 18 0
11 156 493 24 41 0
278 130 524 13 42 0
265 202 490 45 15 0
60 201 505 39 16 0
130 167 534 26 30 0
103 155 564 34 34 0
259 116 579 26 12 0
26 86 579 27 18 0
33 117 598 45 46 0
97 84 597 15 40 0
182 47 646 45 24 0
258 47 670 44 34 0
251 462 0 43 34 0
13 427 30 33 48 0
118 379 101 44 38 0
89 360 144 42 20 0
31 333 227 32 36 0
287 344 263 21 42 0
6 302 267 38 27 0
15 314 294 15 34 0
193 294 328 33 17 0
215 262 333 29 21 0
45 247 373 24 25 0
213 247 398 32 14 0
252 295 345 19 28 0
164 199 521 36 41 0
244 180 598 13 37 0
225 143 644 47 38 0
159 247 412 44 32 0
16 201 562 45 42 0
8 193 604 36 21 0
71 155 682 32 34 0
152 113 644 19 16 0
2 91 670 26 22 0
286 505 0 36 41 0
37 462 34 29 12 0
156 460 46 16 28 0
52 423 101 37 18 0
47 379 164 42 40 0
180 402 204 19 40 0
54 365 204 34 30 0
65 333 305 23 13 0
40 365 244 47 19 0
137 340 318 28 21 0
1 302 373 16 27 0
239 329 339 22 40 0
295 314 400 13 43 0
72 327 379 15 32 0
105 294 443 33 35 0
28 291 478 24 12 0
113 262 444 24 36 0
35 271 490 26 12 0
117 235 604 39 21 0
266 193 625 45 48 0
178 291 502 19 17 0
30 247 625 20 28 0
275 246 653 28 22 0
249 201 673 35 27 0
143 117 660 25 24 0
36 91 692 30 27 0
131 476 46 45 48 0
122 460 94 43 20 0
255 460 114 47 39 0
63 423 119 36 46 0
168 421 165 24 41 0
200 421 206 37 43 0
18 402 263 44 43 0
205 399 306 21 15 0
125 356 339 46 42 0
222 412 321 34 25 0
149 365 381 22 47 0
38 368 428 21 19 0
106 340 411 12 33 0
158 314 490 13 23 0
165 327 444 17 21 0
243 274 519 34 37 0
140 291 556 12 43 0
285 247 675 13 33 0
170 274 599 29 45 0
39 236 708 12 13 0
42 521 41 25 46 0
0 503 153 15 27 0
104 507 180 14 42 0
196 460 153 41 41 0
284 459 194 30 21 0
86 458 215 39 44 0
116 421 346 19 28 0
253 446 259 15 13 0
195 402 374 33 13 0
79 402 387 40 25 0
124 356 447 31 35 0
238 446 272 39 27 0
62 389 412 46 36 0
129 368 482 34 22 0
29 327 465 29 30 0
23 314 513 40 17 0
261 308 530 45 12 0
3 303 556 45 21 0
218 260 675 15 43 0
87 303 577 45 48 0
232 521 87 23 42 0
299 507 222 13 13 0
96 501 235 46 33 0
114 489 268 34 44 0
240 459 299 19 23 0
171 497 312 40 22 0
139 458 322 36 37 0
280 461 359 31 22 0
7 446 381 29 35 0
269 435 416 37 18 0
14 402 448 21 44 0
214 402 492 17 27 0
83 485 381 37 41 0
17 435 434 37 41 0
51 402 519 14 16 0
175 368 504 15 16 0
288 356 520 36 28 0
48 353 548 34 28 0
272 275 644 24 35 0
120 348 576 36 36 0
9 303 625 44 25 0
64 494 422 33 15 0
123 475 437 23 36 0
112 472 473 25 30 0
162 435 475 31 18 0
262 423 493 48 27 0
44 402 535 27 24 0
279 419 559 39 43 0
294 522 437 17 26 0
260 387 548 12 19 0
209 299 650 45 36 0
268 275 679 22 25 0
22 384 576 35 29 0
4 348 612 45 40 0
167 498 463 36 37 0
24 472 503 24 18 0
111 471 521 21 13 0
85 423 602 34 43 0
231 458 534 30 16 0
19 399 605 23 36 0
276 344 652 14 31 0
55 297 686 31 26 0
207 419 645 28 33 0
223 384 652 22 19 0
145 393 678 45 13 0
69 496 503 36 27 0
21 492 530 44 28 0
230 471 558 33 30 0
176 457 602 38 33 0
135 358 652 15 45 0
142 447 645 37 27 0
197 419 691 28 37 0
53 536 463 12 36 0
77 504 558 18 40 0
57 495 598 48 47 0
246 457 672 23 44 0
201 484 645 29 26 0
56 548 0 46 31 0
236 480 672 27 39 0
121 507 671 34 38 0
